<?xml version="1.0" encoding="UTF-8"?>
<!-- Generated by org.testng.reporters.JUnitReportReporter -->
<testsuite hostname="LAPTOP-ICUMAH5U" failures="0" tests="1" name="VarshaKharage.ExtentReports.ExtentReportDemo" time="58.303" errors="0" timestamp="2024-04-05T10:45:59 IST" skipped="0">
  <testcase classname="VarshaKharage.ExtentReports.ExtentReportDemo" name="initialDemo" time="58.303"/>
</testsuite> <!-- VarshaKharage.ExtentReports.ExtentReportDemo -->
